{
  "Cucumber Features": {
    "coverage": {
      "/home/ale/Documentos/ProgramasRuby/proyecto-final/app.rb": {
        "lines": [
          1,
          1,
          1,
          9,
          9,
          9,
          9,
          9,
          9,
          9,
          9,
          9,
          9,
          9,
          null,
          1,
          9,
          9,
          null,
          9,
          null,
          null,
          1,
          10,
          6,
          null,
          10,
          null,
          null,
          1,
          4,
          4,
          null,
          1,
          9,
          9,
          null,
          null,
          1,
          2,
          null,
          1,
          9,
          0,
          null,
          9,
          null,
          1,
          0,
          null,
          1,
          9,
          1,
          null,
          9,
          null,
          null,
          null,
          null
        ]
      },
      "/home/ale/Documentos/ProgramasRuby/proyecto-final/lib/torosVacas.rb": {
        "lines": [
          1,
          1,
          28,
          null,
          1,
          28,
          null,
          1,
          0,
          null,
          1,
          128,
          null,
          null,
          1,
          null,
          4,
          4,
          4,
          16,
          64,
          13,
          51,
          0,
          null,
          null,
          null,
          4,
          4,
          null,
          1,
          8,
          8,
          32,
          null,
          8,
          null,
          null,
          null
        ]
      },
      "/home/ale/Documentos/ProgramasRuby/proyecto-final/features/step_definitions/elegirDificultad_steps.rb": {
        "lines": [
          1,
          9,
          null,
          null,
          1,
          9,
          null,
          null,
          1,
          8,
          null,
          null,
          1,
          9,
          null,
          null,
          1,
          3,
          null
        ]
      },
      "/home/ale/Documentos/ProgramasRuby/proyecto-final/features/step_definitions/ingresarCodigoColores_steps.rb": {
        "lines": [
          1,
          2,
          null
        ]
      },
      "/home/ale/Documentos/ProgramasRuby/proyecto-final/features/step_definitions/ingresarCodigo_steps.rb": {
        "lines": [
          1,
          6,
          null,
          null,
          1,
          6,
          null,
          null,
          1,
          2,
          null
        ]
      },
      "/home/ale/Documentos/ProgramasRuby/proyecto-final/features/step_definitions/ingresarIntentoColores.rb": {
        "lines": [
          1,
          1,
          null
        ]
      },
      "/home/ale/Documentos/ProgramasRuby/proyecto-final/features/step_definitions/ingresarIntento_steps.rb": {
        "lines": [
          1,
          7,
          null,
          1,
          4,
          null,
          null,
          1,
          4,
          null,
          null,
          1,
          2,
          null,
          1,
          2,
          null
        ]
      },
      "/home/ale/Documentos/ProgramasRuby/proyecto-final/features/step_definitions/resultado_steps.rb": {
        "lines": [
          1,
          4,
          null,
          1,
          2,
          null,
          1,
          1,
          null,
          1,
          1,
          null,
          null,
          1,
          1,
          null,
          null,
          1,
          1,
          null
        ]
      },
      "/home/ale/Documentos/ProgramasRuby/proyecto-final/features/step_definitions/template_steps.rb": {
        "lines": [

        ]
      }
    },
    "timestamp": 1592265928
  },
  "RSpec": {
    "coverage": {
      "/home/ale/Documentos/ProgramasRuby/proyecto-final/spec/torosVacas_spec.rb": {
        "lines": [
          1,
          1,
          1,
          1,
          null,
          1,
          null,
          null,
          1,
          1,
          null,
          null,
          1,
          1,
          null,
          null,
          1,
          1,
          null,
          null,
          1,
          1,
          null,
          null,
          1,
          1,
          null,
          null,
          1,
          1,
          null,
          null,
          1,
          1,
          null,
          1,
          1,
          null,
          1,
          1,
          null,
          1,
          1,
          null,
          1,
          1,
          null,
          1,
          1,
          null,
          1,
          1,
          null,
          1,
          1,
          null,
          1,
          1,
          null,
          1,
          1,
          null,
          1,
          1,
          null,
          1,
          1,
          null,
          null,
          null,
          null,
          null,
          null
        ]
      },
      "/home/ale/Documentos/ProgramasRuby/proyecto-final/lib/torosVacas.rb": {
        "lines": [
          1,
          1,
          8,
          null,
          1,
          5,
          null,
          1,
          3,
          null,
          1,
          94,
          null,
          null,
          1,
          null,
          5,
          5,
          5,
          14,
          46,
          10,
          36,
          2,
          null,
          null,
          null,
          5,
          5,
          null,
          1,
          3,
          3,
          10,
          null,
          3,
          null,
          null,
          null
        ]
      }
    },
    "timestamp": 1592265916
  }
}
