{
  "Cucumber Features": {
    "coverage": {
      "C:/Users/BERNANRDO/Desktop/proyectofinal/app.rb": {
        "lines": [
          1,
          1,
          1,
          7,
          7,
          7,
          7,
          7,
          7,
          7,
          7,
          7,
          7,
          7,
          null,
          1,
          7,
          7,
          null,
          null,
          7,
          null,
          null,
          1,
          7,
          4,
          null,
          7,
          null,
          null,
          1,
          3,
          3,
          null,
          1,
          7,
          1,
          null,
          7,
          null,
          null,
          1,
          2,
          null,
          1,
          7,
          0,
          null,
          7,
          null,
          1,
          0,
          null,
          null
        ]
      },
      "C:/Users/BERNANRDO/Desktop/proyectofinal/lib/torosVacas.rb": {
        "lines": [
          1,
          1,
          20,
          null,
          1,
          20,
          null,
          1,
          20,
          null,
          1,
          96,
          null,
          null,
          1,
          null,
          3,
          3,
          3,
          12,
          48,
          10,
          38,
          0,
          null,
          null,
          null,
          3,
          3,
          null,
          1,
          6,
          6,
          24,
          null,
          6,
          null,
          null,
          null
        ]
      },
      "C:/Users/BERNANRDO/Desktop/proyectofinal/features/step_definitions/elegirDificultad_steps.rb": {
        "lines": [
          1,
          7,
          null,
          null,
          1,
          7,
          null,
          null,
          1,
          6,
          null,
          null,
          1,
          7,
          null,
          null,
          1,
          3,
          null
        ]
      },
      "C:/Users/BERNANRDO/Desktop/proyectofinal/features/step_definitions/ingresarCodigo_steps.rb": {
        "lines": [
          1,
          4,
          null,
          null,
          1,
          4,
          null,
          null,
          1,
          1,
          null
        ]
      },
      "C:/Users/BERNANRDO/Desktop/proyectofinal/features/step_definitions/ingresarIntento_steps.rb": {
        "lines": [
          1,
          3,
          null,
          null,
          1,
          3,
          null,
          null,
          1,
          1,
          null,
          1,
          1,
          null
        ]
      },
      "C:/Users/BERNANRDO/Desktop/proyectofinal/features/step_definitions/resultado_steps.rb": {
        "lines": [
          1,
          3,
          null,
          1,
          2,
          null,
          1,
          1,
          null,
          1,
          1,
          null,
          null,
          1,
          1,
          null,
          null,
          1,
          1,
          null
        ]
      },
      "C:/Users/BERNANRDO/Desktop/proyectofinal/features/step_definitions/template_steps.rb": {
        "lines": [
          1,
          0,
          null,
          null,
          1,
          0,
          null,
          null,
          1,
          0,
          null,
          null,
          1,
          0,
          null,
          null,
          1,
          0,
          null,
          null,
          1,
          0,
          null,
          null,
          1,
          0,
          null,
          null,
          null,
          null,
          1,
          null,
          0,
          null,
          0,
          0,
          null,
          null,
          null
        ]
      }
    },
    "timestamp": 1592093751
  },
  "RSpec": {
    "coverage": {
      "C:/Users/BERNANRDO/Desktop/proyectofinal/spec/torosVacas_spec.rb": {
        "lines": [
          1,
          1,
          1,
          1,
          null,
          1,
          null,
          null,
          1,
          1,
          null,
          null,
          1,
          1,
          null,
          null,
          1,
          1,
          null,
          null,
          1,
          1,
          null,
          null,
          1,
          1,
          null,
          null,
          1,
          1,
          null,
          null,
          1,
          1,
          null,
          1,
          1,
          null,
          1,
          1,
          null,
          1,
          1,
          null,
          1,
          1,
          null,
          1,
          1,
          null,
          1,
          1,
          null,
          1,
          1,
          null,
          1,
          1,
          null,
          1,
          1,
          null,
          1,
          1,
          null,
          1,
          1,
          null,
          null,
          null,
          null,
          null,
          null
        ]
      },
      "C:/Users/BERNANRDO/Desktop/proyectofinal/lib/torosVacas.rb": {
        "lines": [
          1,
          1,
          8,
          null,
          1,
          5,
          null,
          1,
          3,
          null,
          1,
          94,
          null,
          null,
          1,
          null,
          5,
          5,
          5,
          14,
          46,
          10,
          36,
          2,
          null,
          null,
          null,
          5,
          5,
          null,
          1,
          3,
          3,
          10,
          null,
          3,
          null,
          null,
          null
        ]
      }
    },
    "timestamp": 1592170571
  }
}
